<?xml version="1.0" encoding="UTF-8"?>
<testng-results ignored="0" total="1" passed="1" failed="0" skipped="0">
  <reporter-output>
  </reporter-output>
  <suite started-at="2026-02-08T16:11:58 IST" name="Suite" finished-at="2026-02-08T16:11:59 IST" duration-ms="1191">
    <groups>
    </groups>
    <test started-at="2026-02-08T16:11:58 IST" name="tests" finished-at="2026-02-08T16:11:59 IST" duration-ms="1191">
      <class name="tests.SubscriptionTest">
        <test-method is-config="true" signature="setUp(java.lang.String)[pri:0, instance:tests.SubscriptionTest@304bb45b]" started-at="2026-02-08T16:11:51 IST" name="setUp" finished-at="2026-02-08T16:11:58 IST" duration-ms="6546" status="PASS">
          <params>
            <param index="0">
              <value>
                <![CDATA[chrome]]>
              </value>
            </param>
          </params>
          <reporter-output>
          </reporter-output>
        </test-method> <!-- setUp -->
        <test-method signature="SubscriptionExistTest()[pri:0, instance:tests.SubscriptionTest@304bb45b]" started-at="2026-02-08T16:11:58 IST" name="SubscriptionExistTest" finished-at="2026-02-08T16:11:59 IST" duration-ms="1063" status="PASS">
          <reporter-output>
          </reporter-output>
        </test-method> <!-- SubscriptionExistTest -->
        <test-method is-config="true" signature="tearDown()[pri:0, instance:tests.SubscriptionTest@304bb45b]" started-at="2026-02-08T16:11:59 IST" name="tearDown" finished-at="2026-02-08T16:11:59 IST" duration-ms="575" status="PASS">
          <reporter-output>
          </reporter-output>
        </test-method> <!-- tearDown -->
      </class> <!-- tests.SubscriptionTest -->
    </test> <!-- tests -->
  </suite> <!-- Suite -->
</testng-results>
