<?xml version="1.0" encoding="UTF-8"?>
<testng-results ignored="0" total="1" passed="1" failed="0" skipped="0">
  <reporter-output>
  </reporter-output>
  <suite started-at="2026-02-08T14:24:50 IST" name="Suite" finished-at="2026-02-08T14:25:05 IST" duration-ms="15301">
    <groups>
    </groups>
    <test started-at="2026-02-08T14:24:50 IST" name="tests" finished-at="2026-02-08T14:25:05 IST" duration-ms="15301">
      <class name="tests.SearchProduct">
        <test-method is-config="true" signature="setUp(java.lang.String)[pri:0, instance:tests.SearchProduct@304bb45b]" started-at="2026-02-08T14:24:44 IST" name="setUp" finished-at="2026-02-08T14:24:50 IST" duration-ms="5835" status="PASS">
          <params>
            <param index="0">
              <value>
                <![CDATA[chrome]]>
              </value>
            </param>
          </params>
          <reporter-output>
          </reporter-output>
        </test-method> <!-- setUp -->
        <test-method signature="searchProductTest()[pri:0, instance:tests.SearchProduct@304bb45b]" started-at="2026-02-08T14:24:50 IST" name="searchProductTest" finished-at="2026-02-08T14:25:05 IST" duration-ms="15238" status="PASS">
          <reporter-output>
          </reporter-output>
        </test-method> <!-- searchProductTest -->
        <test-method is-config="true" signature="tearDown()[pri:0, instance:tests.SearchProduct@304bb45b]" started-at="2026-02-08T14:25:05 IST" name="tearDown" finished-at="2026-02-08T14:25:06 IST" duration-ms="463" status="PASS">
          <reporter-output>
          </reporter-output>
        </test-method> <!-- tearDown -->
      </class> <!-- tests.SearchProduct -->
    </test> <!-- tests -->
  </suite> <!-- Suite -->
</testng-results>
