<?xml version="1.0" encoding="UTF-8"?>
<testng-results ignored="0" total="1" passed="1" failed="0" skipped="0">
  <reporter-output>
    <line>
      <![CDATA[✔ Signup/Login button is visible]]>
    </line>
  </reporter-output>
  <suite started-at="2026-01-26T18:26:17 IST" name="Suite" finished-at="2026-01-26T18:26:36 IST" duration-ms="18703">
    <groups>
    </groups>
    <test started-at="2026-01-26T18:26:17 IST" name="tests" finished-at="2026-01-26T18:26:36 IST" duration-ms="18703">
      <class name="tests.RegistrationTest">
        <test-method is-config="true" signature="setUp(java.lang.String)[pri:0, instance:tests.RegistrationTest@3f4faf53]" started-at="2026-01-26T18:26:05 IST" name="setUp" finished-at="2026-01-26T18:26:17 IST" duration-ms="11694" status="PASS">
          <params>
            <param index="0">
              <value>
                <![CDATA[chrome]]>
              </value>
            </param>
          </params>
          <reporter-output>
          </reporter-output>
        </test-method> <!-- setUp -->
        <test-method signature="userCanRegisterSuccessfully()[pri:0, instance:tests.RegistrationTest@3f4faf53]" started-at="2026-01-26T18:26:17 IST" name="userCanRegisterSuccessfully" finished-at="2026-01-26T18:26:36 IST" duration-ms="18624" status="PASS">
          <reporter-output>
            <line>
              <![CDATA[✔ Signup/Login button is visible]]>
            </line>
          </reporter-output>
        </test-method> <!-- userCanRegisterSuccessfully -->
        <test-method is-config="true" signature="tearDown()[pri:0, instance:tests.RegistrationTest@3f4faf53]" started-at="2026-01-26T18:26:36 IST" name="tearDown" finished-at="2026-01-26T18:26:37 IST" duration-ms="635" status="PASS">
          <reporter-output>
          </reporter-output>
        </test-method> <!-- tearDown -->
      </class> <!-- tests.RegistrationTest -->
    </test> <!-- tests -->
  </suite> <!-- Suite -->
</testng-results>
