<?xml version="1.0" encoding="UTF-8"?>
<!-- Generated by org.testng.reporters.JUnitReportReporter -->
<testsuite hostname="DESKTOP-IA7HUVO" failures="0" tests="1" name="tests.RegistrationTest" time="18.624" errors="0" timestamp="2026-01-26T18:26:37 IST" skipped="0">
  <testcase classname="tests.RegistrationTest" name="userCanRegisterSuccessfully" time="18.624">
    <system-out>
      <![CDATA[✔ Signup/Login button is visible]]>
    </system-out>
  </testcase> <!-- userCanRegisterSuccessfully -->
  <system-out>
    <![CDATA[✔ Signup/Login button is visible]]>
  </system-out>
</testsuite> <!-- tests.RegistrationTest -->
